Added Component: Designator=1(PIN1)
Added Component: Designator=2(PIN1)
Added Component: Designator=3(PIN1)
Added Component: Designator=4(PIN1)
Added Component: Designator=C1(el8)
Added Component: Designator=C2(el8)
Added Component: Designator=D1(DF01)
Added Component: Designator=F1(FUSE3)
Added Component: Designator=T1(BV EI 483 1259_LUT)
Added Pin To Net: NetName=Net1_1 Pin=1-1
Added Pin To Net: NetName=Net1_1 Pin=C1-1
Added Pin To Net: NetName=Net1_1 Pin=C2-1
Added Pin To Net: NetName=Net1_1 Pin=D1-3
Added Net: Name=Net1_1
Added Pin To Net: NetName=Net2_1 Pin=2-1
Added Pin To Net: NetName=Net2_1 Pin=F1-1
Added Pin To Net: NetName=Net2_1 Pin=F1-1
Added Pin To Net: NetName=Net2_1 Pin=F1-1
Added Net: Name=Net2_1
Added Pin To Net: NetName=Net3_1 Pin=3-1
Added Pin To Net: NetName=Net3_1 Pin=T1-6
Added Net: Name=Net3_1
Added Pin To Net: NetName=Net4_1 Pin=4-1
Added Pin To Net: NetName=Net4_1 Pin=C1-2
Added Pin To Net: NetName=Net4_1 Pin=C2-2
Added Pin To Net: NetName=Net4_1 Pin=D1-1
Added Net: Name=Net4_1
Added Pin To Net: NetName=NetD1_4 Pin=D1-4
Added Pin To Net: NetName=NetD1_4 Pin=T1-8
Added Pin To Net: NetName=NetD1_4 Pin=T1-12
Added Net: Name=NetD1_4
Added Pin To Net: NetName=NetF1_2 Pin=F1-2
Added Pin To Net: NetName=NetF1_2 Pin=F1-2
Added Pin To Net: NetName=NetF1_2 Pin=F1-2
Added Pin To Net: NetName=NetF1_2 Pin=T1-1
Added Net: Name=NetF1_2
Added Pin To Net: NetName=NetD1_2 Pin=D1-2
Added Pin To Net: NetName=NetD1_2 Pin=T1-7
Added Pin To Net: NetName=NetD1_2 Pin=T1-11
Added Class: Name=FAT44_1
Added Room: Name=FAT44_1
