Change Component Footprint: Designator=JP4 Old Footprint=2EDG-5.08-3P New Footprint=2EDG-5.08-4P - duplicate
Added Component: Designator=D1(_1206d)
Added Component: Designator=R1(_1206)
Added Component: Designator=R2(_1206)
Added Component: Designator=R3(_1206)
Added Component: Designator=R4(_1206)
Change Net Name : Old Net Name=NetJP1_15 New Net Name=NetD1_2
Change Net Name : Old Net Name=NetJP1_30 New Net Name=NetD1_1
Added Pin To Net: NetName=NetJP1_22 Pin=JP1-22
Added Pin To Net: NetName=NetJP1_22 Pin=R4-1
Added Net: Name=NetJP1_22
Added Pin To Net: NetName=NetJP1_23 Pin=JP1-23
Added Pin To Net: NetName=NetJP1_23 Pin=R2-1
Added Net: Name=NetJP1_23
Added Pin To Net: NetName=NetJP4_1 Pin=JP4-1
Added Pin To Net: NetName=NetJP4_1 Pin=R1-2
Added Net: Name=NetJP4_1
Added Pin To Net: NetName=NetJP4_2 Pin=JP4-2
Added Pin To Net: NetName=NetJP4_2 Pin=R2-2
Added Net: Name=NetJP4_2
Added Pin To Net: NetName=NetJP4_3 Pin=JP4-3
Added Pin To Net: NetName=NetJP4_3 Pin=R3-2
Added Net: Name=NetJP4_3
Added Pin To Net: NetName=NetJP4_4 Pin=R4-2
Added Net: Name=NetJP4_4
Added Pin To Net: NetName=NetJP1_14 Pin=R1-1
Added Pin To Net: NetName=NetJP1_14 Pin=R3-1
Added Member To Class: ClassName=34_14 Member=Component D1 LL4148
Added Member To Class: ClassName=34_14 Member=Component R1 K51
Added Member To Class: ClassName=34_14 Member=Component R2 K51
Added Member To Class: ClassName=34_14 Member=Component R3 K51
Added Member To Class: ClassName=34_14 Member=Component R4 K51
