Added Component: Designator=JP1(MHDR2X17)
Added Component: Designator=JP2(MHDR2X7)
Added Pin To Net: NetName=NetJP1_3 Pin=JP1-3
Added Pin To Net: NetName=NetJP1_3 Pin=JP2-14
Added Net: Name=NetJP1_3
Added Pin To Net: NetName=NetJP1_7 Pin=JP1-7
Added Pin To Net: NetName=NetJP1_7 Pin=JP2-13
Added Net: Name=NetJP1_7
Added Pin To Net: NetName=NetJP1_9 Pin=JP1-9
Added Pin To Net: NetName=NetJP1_9 Pin=JP2-11
Added Net: Name=NetJP1_9
Added Pin To Net: NetName=NetJP1_10 Pin=JP1-10
Added Pin To Net: NetName=NetJP1_10 Pin=JP2-12
Added Net: Name=NetJP1_10
Added Pin To Net: NetName=NetJP1_11 Pin=JP1-11
Added Pin To Net: NetName=NetJP1_11 Pin=JP2-9
Added Net: Name=NetJP1_11
Added Pin To Net: NetName=NetJP1_12 Pin=JP1-12
Added Pin To Net: NetName=NetJP1_12 Pin=JP2-10
Added Net: Name=NetJP1_12
Added Pin To Net: NetName=NetJP1_13 Pin=JP1-13
Added Pin To Net: NetName=NetJP1_13 Pin=JP2-7
Added Net: Name=NetJP1_13
Added Pin To Net: NetName=NetJP1_14 Pin=JP1-14
Added Pin To Net: NetName=NetJP1_14 Pin=JP2-8
Added Net: Name=NetJP1_14
Added Pin To Net: NetName=NetJP1_15 Pin=JP1-15
Added Pin To Net: NetName=NetJP1_15 Pin=JP2-5
Added Net: Name=NetJP1_15
Added Pin To Net: NetName=NetJP1_16 Pin=JP1-16
Added Pin To Net: NetName=NetJP1_16 Pin=JP2-6
Added Net: Name=NetJP1_16
Added Pin To Net: NetName=NetJP1_17 Pin=JP1-17
Added Pin To Net: NetName=NetJP1_17 Pin=JP2-3
Added Net: Name=NetJP1_17
Added Pin To Net: NetName=NetJP1_18 Pin=JP1-18
Added Pin To Net: NetName=NetJP1_18 Pin=JP2-4
Added Net: Name=NetJP1_18
Added Pin To Net: NetName=NetJP1_25 Pin=JP1-25
Added Pin To Net: NetName=NetJP1_25 Pin=JP2-1
Added Net: Name=NetJP1_25
Added Pin To Net: NetName=NetJP1_26 Pin=JP1-26
Added Pin To Net: NetName=NetJP1_26 Pin=JP2-2
Added Net: Name=NetJP1_26
Added Class: Name=34_14
Added Room: Name=34_14
